<?xml version="1.0" encoding="UTF-8"?>
<!-- Generated by org.testng.reporters.JUnitReportReporter -->
<testsuite hostname="DESKTOP-AAJAMMR" failures="0" tests="1" name="addcart.Test2" time="47.329" errors="0" timestamp="2022-11-16T18:30:22 IST" skipped="0">
  <testcase classname="addcart.Test2" name="addcart2" time="47.329"/>
  <system-out/>
</testsuite> <!-- addcart.Test2 -->
